<?xml version="1.0" encoding="UTF-8"?>
<testng-results skipped="0" failed="0" total="2" passed="2">
  <reporter-output>
  </reporter-output>
  <suite name="Suite" duration-ms="55809" started-at="2018-08-11T12:27:04Z" finished-at="2018-08-11T12:28:00Z">
    <groups>
    </groups>
    <test name="On Firefox" duration-ms="51192" started-at="2018-08-11T12:27:04Z" finished-at="2018-08-11T12:27:55Z">
      <class name="grid.GridEg">
        <test-method status="PASS" signature="tt(java.lang.String)[pri:0, instance:grid.GridEg@56f4468b]" name="tt" duration-ms="51109" started-at="2018-08-11T17:57:04Z" finished-at="2018-08-11T17:57:55Z">
          <params>
            <param index="0">
              <value>
                <![CDATA[firefox]]>
              </value>
            </param>
          </params>
          <reporter-output>
          </reporter-output>
        </test-method> <!-- tt -->
      </class> <!-- grid.GridEg -->
    </test> <!-- On Firefox -->
    <test name="On Chrome" duration-ms="55809" started-at="2018-08-11T12:27:04Z" finished-at="2018-08-11T12:28:00Z">
      <class name="grid.GridEg">
        <test-method status="PASS" signature="tt(java.lang.String)[pri:0, instance:grid.GridEg@51565ec2]" name="tt" duration-ms="55730" started-at="2018-08-11T17:57:04Z" finished-at="2018-08-11T17:58:00Z">
          <params>
            <param index="0">
              <value>
                <![CDATA[chrome]]>
              </value>
            </param>
          </params>
          <reporter-output>
          </reporter-output>
        </test-method> <!-- tt -->
      </class> <!-- grid.GridEg -->
    </test> <!-- On Chrome -->
  </suite> <!-- Suite -->
</testng-results>
